<?xml version="1.0" encoding="UTF-8"?>
<!-- Generated by org.testng.reporters.JUnitXMLReporter -->
<testsuite hostname="Muthukumar" ignored="0" name="hai" tests="4" failures="0" timestamp="17 Jul 2020 14:20:34 GMT" time="77.723" errors="0">
  <testcase name="Books" time="11.14" classname="Test.com.muthuAltimetrik.TestCaseTwo"/>
  <testcase name="TestCaseOne" time="29.274" classname="Test.com.muthuAltimetrik.TestCaseOne"/>
  <testcase name="TestCaseTwo" time="0.604" classname="Test.com.muthuAltimetrik.TestCaseOne"/>
  <testcase name="TestCaseThree" time="12.103" classname="Test.com.muthuAltimetrik.TestCaseOne"/>
</testsuite> <!-- hai -->
