<?xml version="1.0" encoding="UTF-8"?>
<!-- Generated by org.testng.reporters.JUnitXMLReporter -->
<testsuite hostname="Muthukumar" ignored="0" name="Test" tests="3" failures="0" timestamp="04 Apr 2020 14:09:11 GMT" time="47.035" errors="0">
  <testcase name="TestCaseTwo" time="0.008" classname="Test.com.muthuAltimetrik.TestCaseOne"/>
  <testcase name="TestCaseOne" time="0.012" classname="Test.com.muthuAltimetrik.TestCaseOne"/>
  <testcase name="TestCaseTwo" time="0.004" classname="Test.com.muthuAltimetrik.TestCaseOne"/>
</testsuite> <!-- Test -->
