<?xml version="1.0" encoding="UTF-8"?>
<!-- Generated by org.testng.reporters.JUnitXMLReporter -->
<testsuite hostname="Muthukumar" ignored="1" name="Amazon" tests="3" failures="0" timestamp="20 Jul 2020 06:07:05 GMT" time="59.81" errors="0">
  <testcase name="TestCaseOne" time="21.266" classname="Test.com.muthuAltimetrik.TestCaseOne"/>
  <testcase name="Books" time="8.389" classname="Test.com.muthuAltimetrik.TestCaseTwo"/>
  <testcase name="TestCaseTwo" time="0.653" classname="Test.com.muthuAltimetrik.TestCaseOne"/>
  <testcase name="TestCaseThree" time="0.0" classname="Test.com.muthuAltimetrik.TestCaseOne">
    <ignored/>
  </testcase> <!-- TestCaseThree -->
</testsuite> <!-- Amazon -->
