<?xml version="1.0" encoding="UTF-8"?>
<testsuite xmlns:xsi="http://www.w3.org/2001/XMLSchema-instance" xsi:noNamespaceSchemaLocation="https://maven.apache.org/surefire/maven-surefire-plugin/xsd/surefire-test-report.xsd" name="TestSuite" time="61.214" tests="3" errors="0" skipped="0" failures="0">
  <properties>
[...]
</properties>
  <testcase name="TestCaseOne" classname="Test.com.muthuAltimetrik.TestCaseOne" time="21.267"/>
  <testcase name="Books" classname="Test.com.muthuAltimetrik.TestCaseTwo" time="8.389"/>
  <testcase name="TestCaseTwo" classname="Test.com.muthuAltimetrik.TestCaseOne" time="0.653"/>
</testsuite>