<?xml version="1.0" encoding="UTF-8"?>
<testng-results skipped="0" failed="0" ignored="1" total="4" passed="3">
  <reporter-output>
  </reporter-output>
  <suite name="Suite" duration-ms="59810" started-at="2020-07-20T06:06:06Z" finished-at="2020-07-20T06:07:05Z">
    <groups>
    </groups>
    <test name="Amazon" duration-ms="59810" started-at="2020-07-20T06:06:06Z" finished-at="2020-07-20T06:07:05Z">
      <class name="Test.com.muthuAltimetrik.TestCaseTwo">
        <test-method status="PASS" signature="Books()[pri:0, instance:Test.com.muthuAltimetrik.TestCaseTwo@475530b9]" name="Books" duration-ms="8389" started-at="2020-07-20T06:06:54Z" finished-at="2020-07-20T06:07:03Z">
          <reporter-output>
          </reporter-output>
        </test-method> <!-- Books -->
      </class> <!-- Test.com.muthuAltimetrik.TestCaseTwo -->
      <class name="Test.com.muthuAltimetrik.TestCaseOne">
        <test-method status="PASS" signature="LaunchDriver()[pri:0, instance:Test.com.muthuAltimetrik.TestCaseOne@2b98378d]" name="LaunchDriver" is-config="true" duration-ms="13126" started-at="2020-07-20T06:06:06Z" finished-at="2020-07-20T06:06:19Z">
          <reporter-output>
          </reporter-output>
        </test-method> <!-- LaunchDriver -->
        <test-method status="PASS" signature="beforeTest()[pri:0, instance:Test.com.muthuAltimetrik.TestCaseTwo@475530b9]" name="beforeTest" is-config="true" duration-ms="14507" started-at="2020-07-20T06:06:19Z" finished-at="2020-07-20T06:06:33Z">
          <reporter-output>
          </reporter-output>
        </test-method> <!-- beforeTest -->
        <test-method status="PASS" signature="TestCaseOne()[pri:0, instance:Test.com.muthuAltimetrik.TestCaseOne@2b98378d]" name="TestCaseOne" duration-ms="21266" started-at="2020-07-20T06:06:33Z" finished-at="2020-07-20T06:06:54Z">
          <reporter-output>
          </reporter-output>
        </test-method> <!-- TestCaseOne -->
        <test-method status="PASS" signature="TestCaseTwo()[pri:1, instance:Test.com.muthuAltimetrik.TestCaseOne@2b98378d]" name="TestCaseTwo" duration-ms="653" started-at="2020-07-20T06:07:03Z" finished-at="2020-07-20T06:07:03Z">
          <reporter-output>
          </reporter-output>
        </test-method> <!-- TestCaseTwo -->
        <test-method status="PASS" signature="QuitDriver()[pri:0, instance:Test.com.muthuAltimetrik.TestCaseOne@2b98378d]" name="QuitDriver" is-config="true" duration-ms="1128" started-at="2020-07-20T06:07:03Z" finished-at="2020-07-20T06:07:05Z">
          <reporter-output>
          </reporter-output>
        </test-method> <!-- QuitDriver -->
        <test-method status="PASS" signature="afterTest()[pri:0, instance:Test.com.muthuAltimetrik.TestCaseTwo@475530b9]" name="afterTest" is-config="true" duration-ms="705" started-at="2020-07-20T06:07:05Z" finished-at="2020-07-20T06:07:05Z">
          <reporter-output>
          </reporter-output>
        </test-method> <!-- afterTest -->
      </class> <!-- Test.com.muthuAltimetrik.TestCaseOne -->
    </test> <!-- Amazon -->
  </suite> <!-- Suite -->
</testng-results>
